12:46:05 INFO: starting simulation...
12:46:05 INFO: simulation end
12:46:05 INFO: getting data from instance...
12:46:05 INFO:  edges: [(43, 40)]
12:46:05 INFO:  edges: [(43, 40), (11, 2)]
12:46:05 INFO:  edges: [(43, 40), (11, 2), (16, 32)]
12:46:05 INFO:  edges: [(43, 40), (11, 2), (16, 32), (0, 38)]
12:46:05 INFO:  edges: [(43, 40), (11, 2), (16, 32), (0, 38), (19, 42)]
12:46:05 INFO:  edges: [(43, 40), (40, 13), (11, 2), (16, 32), (0, 38), (19, 42)]
12:46:05 INFO:  edges: [(43, 40), (40, 13), (11, 2), (16, 32), (0, 38), (19, 42), (30, 24)]
12:46:05 INFO:  edges: [(43, 40), (40, 13), (11, 2), (2, 3), (16, 32), (0, 38), (19, 42), (30, 24)]
12:46:05 INFO:  edges: [(43, 40), (40, 13), (11, 2), (2, 3), (16, 32), (0, 38), (19, 42), (30, 24), (30, 34)]
12:46:05 INFO:  edges: [(43, 40), (43, 13), (40, 13), (11, 2), (2, 3), (16, 32), (0, 38), (19, 42), (30, 24), (30, 34)]
12:46:05 INFO:  edges: [(43, 40), (43, 13), (40, 13), (40, 8), (11, 2), (2, 3), (16, 32), (0, 38), (19, 42), (30, 24), (30, 34)]
12:46:05 INFO:  edges: [(43, 40), (43, 13), (40, 13), (40, 8), (11, 2), (2, 3), (16, 32), (0, 38), (19, 42), (19, 31), (30, 24), (30, 34)]
12:46:05 INFO:  edges: [(43, 40), (43, 13), (40, 13), (40, 8), (11, 2), (2, 3), (16, 32), (0, 38), (19, 42), (19, 31), (30, 24), (30, 34), (8, 26)]
12:46:05 INFO:  edges: [(43, 40), (43, 13), (40, 13), (40, 8), (11, 2), (2, 3), (16, 32), (0, 38), (19, 42), (19, 31), (30, 24), (30, 34), (8, 26)]
12:46:05 INFO:  edges: [(43, 40), (43, 13), (40, 13), (40, 8), (11, 2), (2, 3), (16, 32), (32, 14), (0, 38), (19, 42), (19, 31), (30, 24), (30, 34), (8, 26)]
12:46:05 INFO:  edges: [(43, 40), (43, 13), (40, 13), (40, 8), (11, 2), (2, 3), (16, 32), (32, 14), (0, 38), (19, 42), (19, 31), (30, 24), (30, 34), (3, 4), (8, 26)]
12:46:05 INFO:  edges: [(43, 40), (43, 13), (40, 13), (40, 8), (11, 2), (11, 22), (2, 3), (16, 32), (32, 14), (0, 38), (19, 42), (19, 31), (30, 24), (30, 34), (3, 4), (8, 26)]
12:46:05 INFO:  edges: [(43, 40), (43, 13), (40, 13), (40, 8), (11, 2), (11, 22), (11, 13), (2, 3), (16, 32), (32, 14), (0, 38), (19, 42), (19, 31), (30, 24), (30, 34), (3, 4), (8, 26)]
12:46:05 INFO:  edges: [(43, 40), (43, 13), (40, 13), (40, 8), (11, 2), (11, 22), (11, 13), (2, 3), (16, 32), (16, 24), (32, 14), (0, 38), (19, 42), (19, 31), (30, 24), (30, 34), (3, 4), (8, 26)]
12:46:05 INFO:  edges: [(43, 40), (43, 13), (40, 13), (40, 8), (11, 2), (11, 22), (11, 13), (2, 3), (16, 32), (16, 24), (32, 14), (0, 38), (19, 42), (19, 31), (30, 24), (30, 34), (3, 4), (8, 26), (29, 21)]
12:46:05 INFO:  edges: [(43, 40), (43, 13), (40, 13), (40, 8), (11, 2), (11, 22), (11, 13), (2, 3), (16, 32), (16, 24), (16, 25), (32, 14), (0, 38), (19, 42), (19, 31), (30, 24), (30, 34), (3, 4), (8, 26), (29, 21)]
12:46:05 INFO:  edges: [(43, 40), (43, 13), (40, 13), (40, 8), (11, 2), (11, 22), (11, 13), (2, 3), (16, 32), (16, 24), (16, 25), (32, 14), (0, 38), (19, 42), (19, 31), (19, 33), (30, 24), (30, 34), (3, 4), (8, 26), (29, 21)]
12:46:05 INFO:  edges: [(43, 40), (43, 13), (40, 13), (40, 8), (40, 32), (11, 2), (11, 22), (11, 13), (2, 3), (16, 32), (16, 24), (16, 25), (32, 14), (0, 38), (19, 42), (19, 31), (19, 33), (30, 24), (30, 34), (3, 4), (8, 26), (29, 21)]
12:46:05 INFO:  edges: [(43, 40), (43, 13), (40, 13), (40, 8), (40, 32), (11, 2), (11, 22), (11, 13), (2, 3), (16, 32), (16, 24), (16, 25), (32, 14), (0, 38), (19, 42), (19, 31), (19, 33), (30, 24), (30, 34), (3, 4), (8, 26), (29, 21), (36, 6)]
12:46:05 INFO:  edges: [(43, 40), (43, 13), (40, 13), (40, 8), (40, 32), (11, 2), (11, 22), (11, 13), (2, 3), (16, 32), (16, 24), (16, 25), (32, 14), (0, 38), (19, 42), (19, 31), (19, 33), (30, 24), (30, 34), (3, 4), (8, 26), (31, 21), (29, 21), (36, 6)]
12:46:05 INFO:  edges: [(43, 40), (43, 13), (40, 13), (40, 8), (40, 32), (11, 2), (11, 22), (11, 13), (2, 3), (16, 32), (16, 24), (16, 25), (32, 14), (0, 38), (19, 42), (19, 31), (19, 33), (13, 7), (30, 24), (30, 34), (3, 4), (8, 26), (31, 21), (29, 21), (36, 6)]
12:46:05 INFO:  edges: [(43, 40), (43, 13), (40, 13), (40, 8), (40, 32), (11, 2), (11, 22), (11, 13), (2, 3), (16, 32), (16, 24), (16, 25), (32, 14), (0, 38), (19, 42), (19, 31), (19, 33), (13, 7), (30, 24), (30, 34), (24, 15), (3, 4), (8, 26), (31, 21), (29, 21), (36, 6)]
12:46:05 INFO:  edges: [(43, 40), (43, 13), (40, 13), (40, 8), (40, 32), (11, 2), (11, 22), (11, 13), (2, 3), (16, 32), (16, 24), (16, 25), (32, 14), (0, 38), (19, 42), (19, 31), (19, 33), (13, 7), (30, 24), (30, 34), (24, 15), (3, 4), (8, 26), (31, 21), (29, 21), (36, 6), (41, 18)]
12:46:05 INFO:  edges: [(43, 40), (43, 13), (40, 13), (40, 8), (40, 32), (40, 15), (11, 2), (11, 22), (11, 13), (2, 3), (16, 32), (16, 24), (16, 25), (32, 14), (0, 38), (19, 42), (19, 31), (19, 33), (13, 7), (30, 24), (30, 34), (24, 15), (3, 4), (8, 26), (31, 21), (29, 21), (36, 6), (41, 18)]
12:46:05 INFO:  edges: [(43, 40), (43, 13), (40, 13), (40, 8), (40, 32), (40, 15), (11, 2), (11, 22), (11, 13), (11, 38), (2, 3), (16, 32), (16, 24), (16, 25), (32, 14), (0, 38), (19, 42), (19, 31), (19, 33), (13, 7), (30, 24), (30, 34), (24, 15), (3, 4), (8, 26), (31, 21), (29, 21), (36, 6), (41, 18)]
12:46:05 INFO:  edges: [(43, 40), (43, 13), (40, 13), (40, 8), (40, 32), (40, 15), (11, 2), (11, 22), (11, 13), (11, 38), (2, 3), (16, 32), (16, 24), (16, 25), (32, 14), (0, 38), (19, 42), (19, 31), (19, 33), (13, 7), (30, 24), (30, 34), (24, 15), (3, 4), (8, 26), (31, 21), (29, 21), (29, 1), (36, 6), (41, 18)]
12:46:05 INFO:  edges: [(43, 40), (43, 13), (40, 13), (40, 8), (40, 32), (40, 15), (11, 2), (11, 22), (11, 13), (11, 38), (2, 3), (16, 32), (16, 24), (16, 25), (32, 14), (0, 38), (19, 42), (19, 31), (19, 33), (13, 7), (30, 24), (30, 34), (24, 15), (24, 31), (3, 4), (8, 26), (31, 21), (29, 21), (29, 1), (36, 6), (41, 18)]
12:46:05 INFO:  edges: [(43, 40), (43, 13), (40, 13), (40, 8), (40, 32), (40, 15), (11, 2), (11, 22), (11, 13), (11, 38), (2, 3), (16, 32), (16, 24), (16, 25), (32, 14), (0, 38), (19, 42), (19, 31), (19, 33), (13, 7), (30, 24), (30, 34), (24, 15), (24, 31), (24, 3), (3, 4), (8, 26), (31, 21), (29, 21), (29, 1), (36, 6), (41, 18)]
12:46:05 INFO:  edges: [(43, 40), (43, 13), (40, 13), (40, 8), (40, 32), (40, 15), (11, 2), (11, 22), (11, 13), (11, 38), (2, 3), (16, 32), (16, 24), (16, 25), (32, 14), (0, 38), (19, 42), (19, 31), (19, 33), (13, 7), (30, 24), (30, 34), (24, 15), (24, 31), (24, 3), (3, 4), (3, 18), (8, 26), (31, 21), (29, 21), (29, 1), (36, 6), (41, 18)]
12:46:05 INFO:  edges: [(43, 40), (43, 13), (40, 13), (40, 8), (40, 32), (40, 15), (11, 2), (11, 22), (11, 13), (11, 38), (2, 3), (16, 32), (16, 24), (16, 25), (32, 14), (0, 38), (19, 42), (19, 31), (19, 33), (42, 12), (13, 7), (30, 24), (30, 34), (24, 15), (24, 31), (24, 3), (3, 4), (3, 18), (8, 26), (31, 21), (29, 21), (29, 1), (36, 6), (41, 18)]
12:46:05 INFO:  edges: [(43, 40), (43, 13), (40, 13), (40, 8), (40, 32), (40, 15), (11, 2), (11, 22), (11, 13), (11, 38), (2, 3), (16, 32), (16, 24), (16, 25), (32, 14), (0, 38), (38, 35), (19, 42), (19, 31), (19, 33), (42, 12), (13, 7), (30, 24), (30, 34), (24, 15), (24, 31), (24, 3), (3, 4), (3, 18), (8, 26), (31, 21), (29, 21), (29, 1), (36, 6), (41, 18)]
12:46:05 INFO:  edges: [(43, 40), (43, 13), (40, 13), (40, 8), (40, 32), (40, 15), (11, 2), (11, 22), (11, 13), (11, 38), (2, 3), (16, 32), (16, 24), (16, 25), (32, 14), (0, 38), (38, 35), (19, 42), (19, 31), (19, 33), (42, 12), (13, 7), (30, 24), (30, 34), (24, 15), (24, 31), (24, 3), (3, 4), (3, 18), (8, 26), (31, 21), (22, 5), (29, 21), (29, 1), (36, 6), (41, 18)]
12:46:05 INFO:  edges: [(43, 40), (43, 13), (43, 23), (40, 13), (40, 8), (40, 32), (40, 15), (11, 2), (11, 22), (11, 13), (11, 38), (2, 3), (16, 32), (16, 24), (16, 25), (32, 14), (0, 38), (38, 35), (19, 42), (19, 31), (19, 33), (42, 12), (13, 7), (30, 24), (30, 34), (24, 15), (24, 31), (24, 3), (3, 4), (3, 18), (8, 26), (31, 21), (22, 5), (29, 21), (29, 1), (36, 6), (41, 18)]
12:46:05 INFO:  edges: [(43, 40), (43, 13), (43, 23), (40, 13), (40, 8), (40, 32), (40, 15), (11, 2), (11, 22), (11, 13), (11, 38), (11, 32), (2, 3), (16, 32), (16, 24), (16, 25), (32, 14), (0, 38), (38, 35), (19, 42), (19, 31), (19, 33), (42, 12), (13, 7), (30, 24), (30, 34), (24, 15), (24, 31), (24, 3), (3, 4), (3, 18), (8, 26), (31, 21), (22, 5), (29, 21), (29, 1), (36, 6), (41, 18)]
12:46:05 INFO:  edges: [(43, 40), (43, 13), (43, 23), (40, 13), (40, 8), (40, 32), (40, 15), (40, 20), (11, 2), (11, 22), (11, 13), (11, 38), (11, 32), (2, 3), (16, 32), (16, 24), (16, 25), (32, 14), (0, 38), (38, 35), (19, 42), (19, 31), (19, 33), (42, 12), (13, 7), (30, 24), (30, 34), (24, 15), (24, 31), (24, 3), (3, 4), (3, 18), (8, 26), (31, 21), (22, 5), (29, 21), (29, 1), (36, 6), (41, 18)]
12:46:05 INFO:  edges: [(43, 40), (43, 13), (43, 23), (43, 10), (40, 13), (40, 8), (40, 32), (40, 15), (40, 20), (11, 2), (11, 22), (11, 13), (11, 38), (11, 32), (2, 3), (16, 32), (16, 24), (16, 25), (32, 14), (0, 38), (38, 35), (19, 42), (19, 31), (19, 33), (42, 12), (13, 7), (30, 24), (30, 34), (24, 15), (24, 31), (24, 3), (3, 4), (3, 18), (8, 26), (31, 21), (22, 5), (29, 21), (29, 1), (36, 6), (41, 18)]
12:46:05 INFO:  edges: [(43, 40), (43, 13), (43, 23), (43, 10), (40, 13), (40, 8), (40, 32), (40, 15), (40, 20), (11, 2), (11, 22), (11, 13), (11, 38), (11, 32), (2, 3), (16, 32), (16, 24), (16, 25), (32, 14), (0, 38), (38, 35), (19, 42), (19, 31), (19, 33), (42, 12), (13, 7), (30, 24), (30, 34), (24, 15), (24, 31), (24, 3), (3, 4), (3, 18), (8, 26), (31, 21), (22, 5), (29, 21), (29, 1), (36, 6), (41, 18), (37, 28)]
12:46:05 INFO:  edges: [(43, 40), (43, 13), (43, 23), (43, 10), (40, 13), (40, 8), (40, 32), (40, 15), (40, 20), (40, 2), (11, 2), (11, 22), (11, 13), (11, 38), (11, 32), (2, 3), (16, 32), (16, 24), (16, 25), (32, 14), (0, 38), (38, 35), (19, 42), (19, 31), (19, 33), (42, 12), (13, 7), (30, 24), (30, 34), (24, 15), (24, 31), (24, 3), (3, 4), (3, 18), (8, 26), (31, 21), (22, 5), (29, 21), (29, 1), (36, 6), (41, 18), (37, 28)]
12:46:05 INFO:  edges: [(43, 40), (43, 13), (43, 23), (43, 10), (40, 13), (40, 8), (40, 32), (40, 15), (40, 20), (40, 2), (11, 2), (11, 22), (11, 13), (11, 38), (11, 32), (2, 3), (16, 32), (16, 24), (16, 25), (32, 14), (0, 38), (38, 35), (19, 42), (19, 31), (19, 33), (19, 27), (42, 12), (13, 7), (30, 24), (30, 34), (24, 15), (24, 31), (24, 3), (3, 4), (3, 18), (8, 26), (31, 21), (22, 5), (29, 21), (29, 1), (36, 6), (41, 18), (37, 28)]
12:46:05 INFO:  edges: [(43, 40), (43, 13), (43, 23), (43, 10), (40, 13), (40, 8), (40, 32), (40, 15), (40, 20), (40, 2), (11, 2), (11, 22), (11, 13), (11, 38), (11, 32), (2, 3), (16, 32), (16, 24), (16, 25), (32, 14), (0, 38), (38, 35), (19, 42), (19, 31), (19, 33), (19, 27), (42, 12), (13, 7), (30, 24), (30, 34), (24, 15), (24, 31), (24, 3), (3, 4), (3, 18), (8, 26), (31, 21), (22, 5), (29, 21), (29, 1), (25, 23), (36, 6), (41, 18), (37, 28)]
12:46:05 INFO:  edges: [(43, 40), (43, 13), (43, 23), (43, 10), (40, 13), (40, 8), (40, 32), (40, 15), (40, 20), (40, 2), (11, 2), (11, 22), (11, 13), (11, 38), (11, 32), (2, 3), (16, 32), (16, 24), (16, 25), (32, 14), (0, 38), (38, 35), (19, 42), (19, 31), (19, 33), (19, 27), (42, 12), (13, 7), (30, 24), (30, 34), (24, 15), (24, 31), (24, 3), (3, 4), (3, 18), (8, 26), (31, 21), (22, 5), (29, 21), (29, 1), (29, 20), (25, 23), (36, 6), (41, 18), (37, 28)]
12:46:05 INFO: ######### Simple Antenna Activation ###########
12:46:05 INFO: profits: [ 7.  3.  2.  4.  4.  6.  5. 10.  2.  3.  2.  7.  3.  5.  3.  2.  2.  7.
  2.  3.  4.  8.  2.  9.  2. 10.  5. 10.  6.  8.  1.  4.  2.  4.  2.  4.
  5.  2.  7.  6.  3.  6.  2.  6.  9.]
12:46:05 INFO: 	 Status: Optimal
12:46:05 INFO: X_0 1.0
12:46:05 INFO: X_1 1.0
12:46:05 INFO: X_10 0.0
12:46:05 INFO: X_11 1.0
12:46:05 INFO: X_12 1.0
12:46:05 INFO: X_13 0.0
12:46:05 INFO: X_14 1.0
12:46:05 INFO: X_15 0.0
12:46:05 INFO: X_16 0.0
12:46:05 INFO: X_17 1.0
12:46:05 INFO: X_18 0.0
12:46:05 INFO: X_19 0.0
12:46:05 INFO: X_2 0.0
12:46:05 INFO: X_20 1.0
12:46:05 INFO: X_21 1.0
12:46:05 INFO: X_22 0.0
12:46:05 INFO: X_23 0.0
12:46:05 INFO: X_24 1.0
12:46:05 INFO: X_25 1.0
12:46:05 INFO: X_26 1.0
12:46:05 INFO: X_27 1.0
12:46:05 INFO: X_28 1.0
12:46:05 INFO: X_29 0.0
12:46:05 INFO: X_3 0.0
12:46:05 INFO: X_30 0.0
12:46:05 INFO: X_31 0.0
12:46:05 INFO: X_32 0.0
12:46:05 INFO: X_33 1.0
12:46:05 INFO: X_34 1.0
12:46:05 INFO: X_35 1.0
12:46:05 INFO: X_36 0.0
12:46:05 INFO: X_37 0.0
12:46:05 INFO: X_38 0.0
12:46:05 INFO: X_39 1.0
12:46:05 INFO: X_4 1.0
12:46:05 INFO: X_40 0.0
12:46:05 INFO: X_41 1.0
12:46:05 INFO: X_42 0.0
12:46:05 INFO: X_43 1.0
12:46:05 INFO: X_44 1.0
12:46:05 INFO: X_5 1.0
12:46:05 INFO: X_6 1.0
12:46:05 INFO: X_7 1.0
12:46:05 INFO: X_8 0.0
12:46:05 INFO: X_9 1.0
12:46:05 INFO: 
	of: 140.0
	sol:
[1.0, 1.0, 0.0, 0.0, 1.0, 1.0, 1.0, 1.0, 0.0, 1.0, 0.0, 1.0, 1.0, 0.0, 1.0, 0.0, 0.0, 1.0, 0.0, 0.0, 1.0, 1.0, 0.0, 0.0, 1.0, 1.0, 1.0, 1.0, 1.0, 0.0, 0.0, 0.0, 0.0, 1.0, 1.0, 1.0, 0.0, 0.0, 0.0, 1.0, 0.0, 1.0, 0.0, 1.0, 1.0] 
	time:0.01647210121154785
12:46:05 INFO: #########
